[35m[1mConsolidate compiler generated dependencies of target gen_sub[0m
[ 50%] Built target gen_pub
[ 75%] [32mBuilding CXX object CMakeFiles/gen_sub.dir/src/gen_sub.cpp.o[0m
[01m[K/home/janhavi/GenericSub/src/generic/src/gen_sub.cpp:[m[K In member function â€˜[01m[Kvoid GenericSubscriber::topic_callback(std::shared_ptr<rclcpp::SerializedMessage>)[m[Kâ€™:
[01m[K/home/janhavi/GenericSub/src/generic/src/gen_sub.cpp:77:45:[m[K [01;31m[Kerror: [m[Kâ€˜[01m[Kusing element_type = class rclcpp::GenericSubscription[m[Kâ€™ {aka â€˜[01m[Kclass rclcpp::GenericSubscription[m[Kâ€™} has no member named â€˜[01m[Kget_topic_type[m[Kâ€™; did you mean â€˜[01m[Kget_topic_name[m[Kâ€™?
   77 |     std::string topic_type = subscription_->[01;31m[Kget_topic_type[m[K();
      |                                             [01;31m[K^~~~~~~~~~~~~~[m[K
      |                                             [32m[Kget_topic_name[m[K
gmake[2]: *** [CMakeFiles/gen_sub.dir/build.make:76: CMakeFiles/gen_sub.dir/src/gen_sub.cpp.o] Error 1
gmake[1]: *** [CMakeFiles/Makefile2:139: CMakeFiles/gen_sub.dir/all] Error 2
gmake: *** [Makefile:146: all] Error 2
