[0.006s] Invoking command in '/home/janhavi/GenericSub/build/generic': CMAKE_PREFIX_PATH=/opt/ros/humble /usr/bin/cmake /home/janhavi/GenericSub/src/generic -DCMAKE_INSTALL_PREFIX=/home/janhavi/GenericSub/install/generic
[0.049s] -- The C compiler identification is GNU 11.4.0
[0.090s] -- The CXX compiler identification is GNU 11.4.0
[0.095s] -- Detecting C compiler ABI info
[0.154s] -- Detecting C compiler ABI info - done
[0.161s] -- Check for working C compiler: /usr/bin/cc - skipped
[0.161s] -- Detecting C compile features
[0.162s] -- Detecting C compile features - done
[0.164s] -- Detecting CXX compiler ABI info
[0.229s] -- Detecting CXX compiler ABI info - done
[0.236s] -- Check for working CXX compiler: /usr/bin/c++ - skipped
[0.236s] -- Detecting CXX compile features
[0.236s] -- Detecting CXX compile features - done
[0.238s] -- Found ament_cmake: 1.3.11 (/opt/ros/humble/share/ament_cmake/cmake)
[0.497s] -- Found Python3: /usr/bin/python3 (found version "3.10.12") found components: Interpreter 
[0.549s] -- Found rclcpp: 16.0.11 (/opt/ros/humble/share/rclcpp/cmake)
[0.575s] -- Found rosidl_generator_c: 3.1.6 (/opt/ros/humble/share/rosidl_generator_c/cmake)
[0.577s] -- Found rosidl_adapter: 3.1.6 (/opt/ros/humble/share/rosidl_adapter/cmake)
[0.581s] -- Found rosidl_generator_cpp: 3.1.6 (/opt/ros/humble/share/rosidl_generator_cpp/cmake)
[0.588s] -- Using all available rosidl_typesupport_c: rosidl_typesupport_fastrtps_c;rosidl_typesupport_introspection_c
[0.596s] -- Using all available rosidl_typesupport_cpp: rosidl_typesupport_fastrtps_cpp;rosidl_typesupport_introspection_cpp
[0.620s] -- Found rmw_implementation_cmake: 6.1.2 (/opt/ros/humble/share/rmw_implementation_cmake/cmake)
[0.621s] -- Found rmw_cyclonedds_cpp: 1.3.4 (/opt/ros/humble/share/rmw_cyclonedds_cpp/cmake)
[0.633s] -- Using RMW implementation 'rmw_cyclonedds_cpp' as default
[0.637s] -- Looking for pthread.h
[0.687s] -- Looking for pthread.h - found
[0.687s] -- Performing Test CMAKE_HAVE_LIBC_PTHREAD
[0.737s] -- Performing Test CMAKE_HAVE_LIBC_PTHREAD - Success
[0.737s] -- Found Threads: TRUE  
[0.773s] -- Found geometry_msgs: 4.2.4 (/opt/ros/humble/share/geometry_msgs/cmake)
[0.783s] -- Found sensor_msgs: 4.2.4 (/opt/ros/humble/share/sensor_msgs/cmake)
[0.795s] -- Found ament_lint_auto: 0.12.11 (/opt/ros/humble/share/ament_lint_auto/cmake)
[0.841s] -- Added test 'cppcheck' to perform static code analysis on C / C++ code
[0.841s] -- Configured cppcheck include dirs: 
[0.841s] -- Configured cppcheck exclude dirs and/or files: 
[0.841s] -- Added test 'lint_cmake' to check CMake code style
[0.842s] -- Added test 'uncrustify' to check C / C++ code style
[0.842s] -- Configured uncrustify additional arguments: 
[0.842s] -- Added test 'xmllint' to check XML markup files
[0.842s] -- Configuring done
[0.848s] -- Generating done
[0.851s] -- Build files have been written to: /home/janhavi/GenericSub/build/generic
[0.857s] Invoked command in '/home/janhavi/GenericSub/build/generic' returned '0': CMAKE_PREFIX_PATH=/opt/ros/humble /usr/bin/cmake /home/janhavi/GenericSub/src/generic -DCMAKE_INSTALL_PREFIX=/home/janhavi/GenericSub/install/generic
[0.858s] Invoking command in '/home/janhavi/GenericSub/build/generic': CMAKE_PREFIX_PATH=/opt/ros/humble /usr/bin/cmake --build /home/janhavi/GenericSub/build/generic -- -j12 -l12
[0.893s] [ 25%] [32mBuilding CXX object CMakeFiles/gen_sub.dir/src/gen_sub.cpp.o[0m
[0.893s] [ 50%] [32mBuilding CXX object CMakeFiles/gen_pub.dir/src/gen_pub.cpp.o[0m
[1.056s] [01m[K/home/janhavi/GenericSub/src/generic/src/gen_sub.cpp:10:10:[m[K [01;31m[Kfatal error: [m[Kclass_loader/class_loader.hpp: No such file or directory
[1.056s]    10 | #include [01;31m[K"class_loader/class_loader.hpp"[m[K
[1.056s]       |          [01;31m[K^~~~~~~~~~~~~~~~~~~~~~~~~~~~~~~[m[K
[1.056s] compilation terminated.
[1.058s] gmake[2]: *** [CMakeFiles/gen_sub.dir/build.make:76: CMakeFiles/gen_sub.dir/src/gen_sub.cpp.o] Error 1
[1.058s] gmake[1]: *** [CMakeFiles/Makefile2:139: CMakeFiles/gen_sub.dir/all] Error 2
[1.058s] gmake[1]: *** Waiting for unfinished jobs....
[4.909s] [ 75%] [32m[1mLinking CXX executable gen_pub[0m
[5.102s] [ 75%] Built target gen_pub
[5.102s] gmake: *** [Makefile:146: all] Error 2
[5.104s] Invoked command in '/home/janhavi/GenericSub/build/generic' returned '2': CMAKE_PREFIX_PATH=/opt/ros/humble /usr/bin/cmake --build /home/janhavi/GenericSub/build/generic -- -j12 -l12
