[35m[1mConsolidate compiler generated dependencies of target gen_sub[0m
[ 25%] [32mBuilding CXX object CMakeFiles/gen_pub.dir/src/gen_pub.cpp.o[0m
[ 50%] [32mBuilding CXX object CMakeFiles/gen_sub.dir/src/gen_sub.cpp.o[0m
[01m[K/home/janhavi/GenericSub/src/generic/src/gen_sub.cpp:5:10:[m[K [01;31m[Kfatal error: [m[Kstd_msgs/msg/string.hpp: No such file or directory
    5 | #include [01;31m[K"std_msgs/msg/string.hpp"[m[K
      |          [01;31m[K^~~~~~~~~~~~~~~~~~~~~~~~~[m[K
compilation terminated.
gmake[2]: *** [CMakeFiles/gen_sub.dir/build.make:76: CMakeFiles/gen_sub.dir/src/gen_sub.cpp.o] Error 1
gmake[1]: *** [CMakeFiles/Makefile2:139: CMakeFiles/gen_sub.dir/all] Error 2
gmake[1]: *** Waiting for unfinished jobs....
[01m[K/home/janhavi/GenericSub/src/generic/src/gen_pub.cpp:11:10:[m[K [01;31m[Kfatal error: [m[Knav_msgs/msg/odometry.hpp: No such file or directory
   11 | #include [01;31m[K"nav_msgs/msg/odometry.hpp"[m[K
      |          [01;31m[K^~~~~~~~~~~~~~~~~~~~~~~~~~~[m[K
compilation terminated.
gmake[2]: *** [CMakeFiles/gen_pub.dir/build.make:76: CMakeFiles/gen_pub.dir/src/gen_pub.cpp.o] Error 1
gmake[1]: *** [CMakeFiles/Makefile2:165: CMakeFiles/gen_pub.dir/all] Error 2
gmake: *** [Makefile:146: all] Error 2
