[0.007s] Invoking command in '/home/janhavi/GenericSub/build/generic': CMAKE_PREFIX_PATH=${CMAKE_PREFIX_PATH}:/opt/ros/humble /usr/bin/cmake --build /home/janhavi/GenericSub/build/generic -- -j12 -l12
[0.021s] -- Found ament_cmake: 1.3.11 (/opt/ros/humble/share/ament_cmake/cmake)
[0.105s] -- Found rclcpp: 16.0.11 (/opt/ros/humble/share/rclcpp/cmake)
[0.121s] -- Found rosidl_generator_c: 3.1.6 (/opt/ros/humble/share/rosidl_generator_c/cmake)
[0.122s] -- Found rosidl_adapter: 3.1.6 (/opt/ros/humble/share/rosidl_adapter/cmake)
[0.125s] -- Found rosidl_generator_cpp: 3.1.6 (/opt/ros/humble/share/rosidl_generator_cpp/cmake)
[0.131s] -- Using all available rosidl_typesupport_c: rosidl_typesupport_fastrtps_c;rosidl_typesupport_introspection_c
[0.138s] -- Using all available rosidl_typesupport_cpp: rosidl_typesupport_fastrtps_cpp;rosidl_typesupport_introspection_cpp
[0.157s] -- Found rmw_implementation_cmake: 6.1.2 (/opt/ros/humble/share/rmw_implementation_cmake/cmake)
[0.158s] -- Found rmw_cyclonedds_cpp: 1.3.4 (/opt/ros/humble/share/rmw_cyclonedds_cpp/cmake)
[0.168s] -- Using RMW implementation 'rmw_cyclonedds_cpp' as default
[0.196s] -- Found geometry_msgs: 4.2.4 (/opt/ros/humble/share/geometry_msgs/cmake)
[0.203s] -- Found sensor_msgs: 4.2.4 (/opt/ros/humble/share/sensor_msgs/cmake)
[0.212s] -- Found ament_lint_auto: 0.12.11 (/opt/ros/humble/share/ament_lint_auto/cmake)
[0.257s] -- Added test 'cppcheck' to perform static code analysis on C / C++ code
[0.257s] -- Configured cppcheck include dirs: 
[0.257s] -- Configured cppcheck exclude dirs and/or files: 
[0.257s] -- Added test 'lint_cmake' to check CMake code style
[0.257s] -- Added test 'uncrustify' to check C / C++ code style
[0.257s] -- Configured uncrustify additional arguments: 
[0.258s] -- Added test 'xmllint' to check XML markup files
[0.258s] -- Configuring done
[0.264s] -- Generating done
[0.266s] -- Build files have been written to: /home/janhavi/GenericSub/build/generic
[0.283s] [35m[1mConsolidate compiler generated dependencies of target gen_sub[0m
[0.283s] [35m[1mConsolidate compiler generated dependencies of target gen_pub[0m
[0.296s] [ 50%] [32mBuilding CXX object CMakeFiles/gen_sub.dir/src/gen_sub.cpp.o[0m
[0.296s] [ 50%] [32mBuilding CXX object CMakeFiles/gen_pub.dir/src/gen_pub.cpp.o[0m
[0.404s] [01m[K/home/janhavi/GenericSub/src/generic/src/gen_sub.cpp:5:10:[m[K [01;31m[Kfatal error: [m[Kstd_msgs/msg/string.hpp: No such file or directory
[0.404s]     5 | #include [01;31m[K"std_msgs/msg/string.hpp"[m[K
[0.404s]       |          [01;31m[K^~~~~~~~~~~~~~~~~~~~~~~~~[m[K
[0.404s] compilation terminated.
[0.406s] gmake[2]: *** [CMakeFiles/gen_sub.dir/build.make:76: CMakeFiles/gen_sub.dir/src/gen_sub.cpp.o] Error 1
[0.406s] gmake[1]: *** [CMakeFiles/Makefile2:139: CMakeFiles/gen_sub.dir/all] Error 2
[0.406s] gmake[1]: *** Waiting for unfinished jobs....
[0.412s] [01m[K/home/janhavi/GenericSub/src/generic/src/gen_pub.cpp:11:10:[m[K [01;31m[Kfatal error: [m[Knav_msgs/msg/odometry.hpp: No such file or directory
[0.412s]    11 | #include [01;31m[K"nav_msgs/msg/odometry.hpp"[m[K
[0.412s]       |          [01;31m[K^~~~~~~~~~~~~~~~~~~~~~~~~~~[m[K
[0.412s] compilation terminated.
[0.413s] gmake[2]: *** [CMakeFiles/gen_pub.dir/build.make:76: CMakeFiles/gen_pub.dir/src/gen_pub.cpp.o] Error 1
[0.413s] gmake[1]: *** [CMakeFiles/Makefile2:165: CMakeFiles/gen_pub.dir/all] Error 2
[0.414s] gmake: *** [Makefile:146: all] Error 2
[0.415s] Invoked command in '/home/janhavi/GenericSub/build/generic' returned '2': CMAKE_PREFIX_PATH=${CMAKE_PREFIX_PATH}:/opt/ros/humble /usr/bin/cmake --build /home/janhavi/GenericSub/build/generic -- -j12 -l12
