[35m[1mConsolidate compiler generated dependencies of target gen_pub[0m
[ 25%] [32mBuilding CXX object CMakeFiles/gen_sub.dir/src/gen_sub.cpp.o[0m
[ 75%] Built target gen_pub
[01m[K/home/janhavi/GenericSub/src/generic/src/gen_sub.cpp:[m[K In function â€˜[01m[Kint main(int, char**)[m[Kâ€™:
[01m[K/home/janhavi/GenericSub/src/generic/src/gen_sub.cpp:239:10:[m[K [01;31m[Kerror: [m[Kexpected statement at end of input
  239 |   rclcpp:
      |          [01;31m[K^[m[K
[01m[K/home/janhavi/GenericSub/src/generic/src/gen_sub.cpp:239:10:[m[K [01;31m[Kerror: [m[Kexpected â€˜[01m[K}[m[Kâ€™ at end of input
[01m[K/home/janhavi/GenericSub/src/generic/src/gen_sub.cpp:235:1:[m[K [01;36m[Knote: [m[Kto match this â€˜[01m[K{[m[Kâ€™
  235 | [01;36m[K{[m[K
      | [01;36m[K^[m[K
[01m[K/home/janhavi/GenericSub/src/generic/src/gen_sub.cpp:239:3:[m[K [01;35m[Kwarning: [m[Klabel â€˜[01m[Krclcpp[m[Kâ€™ defined but not used [[01;35m[K]8;;https://gcc.gnu.org/onlinedocs/gcc/Warning-Options.html#index-Wunused-label-Wunused-label]8;;[m[K]
  239 |   [01;35m[Krclcpp[m[K:
      |   [01;35m[K^~~~~~[m[K
gmake[2]: *** [CMakeFiles/gen_sub.dir/build.make:76: CMakeFiles/gen_sub.dir/src/gen_sub.cpp.o] Error 1
gmake[1]: *** [CMakeFiles/Makefile2:139: CMakeFiles/gen_sub.dir/all] Error 2
gmake: *** [Makefile:146: all] Error 2
